Start testing: Dec 06 17:05 CST
----------------------------------------------------------
1/20 Testing: builder
1/20 Test: builder
Command: "/Users/clin99/cpp-taskflow/unittest/taskflow" "-tc=Builder"
Directory: /Users/clin99/cpp-taskflow/build
"builder" start time: Dec 06 17:05 CST
Output:
----------------------------------------------------------
[doctest] doctest version is "2.0.0"
[doctest] run with "--help" for options
===============================================================================
[doctest] test cases:      1 |      1 passed |      0 failed |      8 skipped
[doctest] assertions:    928 |    928 passed |      0 failed |
[doctest] Status: SUCCESS!
<end of output>
Test time =   0.02 sec
----------------------------------------------------------
Test Passed.
"builder" end time: Dec 06 17:05 CST
"builder" time elapsed: 00:00:00
----------------------------------------------------------

2/20 Testing: dispatch
2/20 Test: dispatch
Command: "/Users/clin99/cpp-taskflow/unittest/taskflow" "-tc=Dispatch"
Directory: /Users/clin99/cpp-taskflow/build
"dispatch" start time: Dec 06 17:05 CST
Output:
----------------------------------------------------------
[doctest] doctest version is "2.0.0"
[doctest] run with "--help" for options
===============================================================================
[doctest] test cases:      1 |      1 passed |      0 failed |      8 skipped
[doctest] assertions:     10 |     10 passed |      0 failed |
[doctest] Status: SUCCESS!
<end of output>
Test time =   1.01 sec
----------------------------------------------------------
Test Passed.
"dispatch" end time: Dec 06 17:06 CST
"dispatch" time elapsed: 00:00:01
----------------------------------------------------------

3/20 Testing: executor
3/20 Test: executor
Command: "/Users/clin99/cpp-taskflow/unittest/taskflow" "-tc=Executor"
Directory: /Users/clin99/cpp-taskflow/build
"executor" start time: Dec 06 17:06 CST
Output:
----------------------------------------------------------
[doctest] doctest version is "2.0.0"
[doctest] run with "--help" for options
===============================================================================
[doctest] test cases:      1 |      1 passed |      0 failed |      8 skipped
[doctest] assertions:     20 |     20 passed |      0 failed |
[doctest] Status: SUCCESS!
<end of output>
Test time =   0.56 sec
----------------------------------------------------------
Test Passed.
"executor" end time: Dec 06 17:06 CST
"executor" time elapsed: 00:00:00
----------------------------------------------------------

4/20 Testing: parallel_for
4/20 Test: parallel_for
Command: "/Users/clin99/cpp-taskflow/unittest/taskflow" "-tc=ParallelFor"
Directory: /Users/clin99/cpp-taskflow/build
"parallel_for" start time: Dec 06 17:06 CST
Output:
----------------------------------------------------------
[doctest] doctest version is "2.0.0"
[doctest] run with "--help" for options
===============================================================================
[doctest] test cases:      1 |      1 passed |      0 failed |      8 skipped
[doctest] assertions: 1771680 | 1771680 passed |      0 failed |
[doctest] Status: SUCCESS!
<end of output>
Test time =   0.12 sec
----------------------------------------------------------
Test Passed.
"parallel_for" end time: Dec 06 17:06 CST
"parallel_for" time elapsed: 00:00:00
----------------------------------------------------------

5/20 Testing: reduce
5/20 Test: reduce
Command: "/Users/clin99/cpp-taskflow/unittest/taskflow" "-tc=Reduce"
Directory: /Users/clin99/cpp-taskflow/build
"reduce" start time: Dec 06 17:06 CST
Output:
----------------------------------------------------------
[doctest] doctest version is "2.0.0"
[doctest] run with "--help" for options
===============================================================================
[doctest] test cases:      1 |      1 passed |      0 failed |      8 skipped
[doctest] assertions:    360 |    360 passed |      0 failed |
[doctest] Status: SUCCESS!
<end of output>
Test time =   0.09 sec
----------------------------------------------------------
Test Passed.
"reduce" end time: Dec 06 17:06 CST
"reduce" time elapsed: 00:00:00
----------------------------------------------------------

6/20 Testing: reduce_min
6/20 Test: reduce_min
Command: "/Users/clin99/cpp-taskflow/unittest/taskflow" "-tc=ReduceMin"
Directory: /Users/clin99/cpp-taskflow/build
"reduce_min" start time: Dec 06 17:06 CST
Output:
----------------------------------------------------------
[doctest] doctest version is "2.0.0"
[doctest] run with "--help" for options
===============================================================================
[doctest] test cases:      1 |      1 passed |      0 failed |      8 skipped
[doctest] assertions:   5155 |   5155 passed |      0 failed |
[doctest] Status: SUCCESS!
<end of output>
Test time =   0.14 sec
----------------------------------------------------------
Test Passed.
"reduce_min" end time: Dec 06 17:06 CST
"reduce_min" time elapsed: 00:00:00
----------------------------------------------------------

7/20 Testing: reduce_max
7/20 Test: reduce_max
Command: "/Users/clin99/cpp-taskflow/unittest/taskflow" "-tc=ReduceMax"
Directory: /Users/clin99/cpp-taskflow/build
"reduce_max" start time: Dec 06 17:06 CST
Output:
----------------------------------------------------------
[doctest] doctest version is "2.0.0"
[doctest] run with "--help" for options
===============================================================================
[doctest] test cases:      1 |      1 passed |      0 failed |      8 skipped
[doctest] assertions:   5155 |   5155 passed |      0 failed |
[doctest] Status: SUCCESS!
<end of output>
Test time =   0.14 sec
----------------------------------------------------------
Test Passed.
"reduce_max" end time: Dec 06 17:06 CST
"reduce_max" time elapsed: 00:00:00
----------------------------------------------------------

8/20 Testing: joined_subflow
8/20 Test: joined_subflow
Command: "/Users/clin99/cpp-taskflow/unittest/taskflow" "-tc=JoinedSubflow"
Directory: /Users/clin99/cpp-taskflow/build
"joined_subflow" start time: Dec 06 17:06 CST
Output:
----------------------------------------------------------
[doctest] doctest version is "2.0.0"
[doctest] run with "--help" for options
===============================================================================
[doctest] test cases:      1 |      1 passed |      0 failed |      8 skipped
[doctest] assertions:    190 |    190 passed |      0 failed |
[doctest] Status: SUCCESS!
<end of output>
Test time =   0.01 sec
----------------------------------------------------------
Test Passed.
"joined_subflow" end time: Dec 06 17:06 CST
"joined_subflow" time elapsed: 00:00:00
----------------------------------------------------------

9/20 Testing: detached_subflow
9/20 Test: detached_subflow
Command: "/Users/clin99/cpp-taskflow/unittest/taskflow" "-tc=DetachedSubflow"
Directory: /Users/clin99/cpp-taskflow/build
"detached_subflow" start time: Dec 06 17:06 CST
Output:
----------------------------------------------------------
[doctest] doctest version is "2.0.0"
[doctest] run with "--help" for options
===============================================================================
[doctest] test cases:      1 |      1 passed |      0 failed |      8 skipped
[doctest] assertions:    110 |    110 passed |      0 failed |
[doctest] Status: SUCCESS!
<end of output>
Test time =   0.01 sec
----------------------------------------------------------
Test Passed.
"detached_subflow" end time: Dec 06 17:06 CST
"detached_subflow" time elapsed: 00:00:00
----------------------------------------------------------

10/20 Testing: WorkStealingQueue.Owner
10/20 Test: WorkStealingQueue.Owner
Command: "/Users/clin99/cpp-taskflow/unittest/threadpool" "-tc=WSQ.Owner"
Directory: /Users/clin99/cpp-taskflow/build
"WorkStealingQueue.Owner" start time: Dec 06 17:06 CST
Output:
----------------------------------------------------------
[doctest] doctest version is "2.0.0"
[doctest] run with "--help" for options
===============================================================================
[doctest] test cases:      1 |      1 passed |      0 failed |      8 skipped
[doctest] assertions: 7688865 | 7688865 passed |      0 failed |
[doctest] Status: SUCCESS!
<end of output>
Test time =   0.43 sec
----------------------------------------------------------
Test Passed.
"WorkStealingQueue.Owner" end time: Dec 06 17:06 CST
"WorkStealingQueue.Owner" time elapsed: 00:00:00
----------------------------------------------------------

11/20 Testing: WorkStealingQueue.1Thief
11/20 Test: WorkStealingQueue.1Thief
Command: "/Users/clin99/cpp-taskflow/unittest/threadpool" "-tc=WSQ.1Thief"
Directory: /Users/clin99/cpp-taskflow/build
"WorkStealingQueue.1Thief" start time: Dec 06 17:06 CST
Output:
----------------------------------------------------------
[doctest] doctest version is "2.0.0"
[doctest] run with "--help" for options
===============================================================================
[doctest] test cases:      1 |      1 passed |      0 failed |      8 skipped
[doctest] assertions: 2097232 | 2097232 passed |      0 failed |
[doctest] Status: SUCCESS!
<end of output>
Test time =   1.00 sec
----------------------------------------------------------
Test Passed.
"WorkStealingQueue.1Thief" end time: Dec 06 17:06 CST
"WorkStealingQueue.1Thief" time elapsed: 00:00:01
----------------------------------------------------------

12/20 Testing: WorkStealingQueue.2Thieves
12/20 Test: WorkStealingQueue.2Thieves
Command: "/Users/clin99/cpp-taskflow/unittest/threadpool" "-tc=WSQ.2Thieves"
Directory: /Users/clin99/cpp-taskflow/build
"WorkStealingQueue.2Thieves" start time: Dec 06 17:06 CST
Output:
----------------------------------------------------------
[doctest] doctest version is "2.0.0"
[doctest] run with "--help" for options
===============================================================================
[doctest] test cases:      1 |      1 passed |      0 failed |      8 skipped
[doctest] assertions: 2097232 | 2097232 passed |      0 failed |
[doctest] Status: SUCCESS!
<end of output>
Test time =   1.02 sec
----------------------------------------------------------
Test Passed.
"WorkStealingQueue.2Thieves" end time: Dec 06 17:06 CST
"WorkStealingQueue.2Thieves" time elapsed: 00:00:01
----------------------------------------------------------

13/20 Testing: WorkStealingQueue.3Thieves
13/20 Test: WorkStealingQueue.3Thieves
Command: "/Users/clin99/cpp-taskflow/unittest/threadpool" "-tc=WSQ.3Thieves"
Directory: /Users/clin99/cpp-taskflow/build
"WorkStealingQueue.3Thieves" start time: Dec 06 17:06 CST
Output:
----------------------------------------------------------
[doctest] doctest version is "2.0.0"
[doctest] run with "--help" for options
===============================================================================
[doctest] test cases:      1 |      1 passed |      0 failed |      8 skipped
[doctest] assertions: 2097232 | 2097232 passed |      0 failed |
[doctest] Status: SUCCESS!
<end of output>
Test time =   1.04 sec
----------------------------------------------------------
Test Passed.
"WorkStealingQueue.3Thieves" end time: Dec 06 17:06 CST
"WorkStealingQueue.3Thieves" time elapsed: 00:00:01
----------------------------------------------------------

14/20 Testing: WorkStealingQueue.4Thieves
14/20 Test: WorkStealingQueue.4Thieves
Command: "/Users/clin99/cpp-taskflow/unittest/threadpool" "-tc=WSQ.4Thieves"
Directory: /Users/clin99/cpp-taskflow/build
"WorkStealingQueue.4Thieves" start time: Dec 06 17:06 CST
Output:
----------------------------------------------------------
[doctest] doctest version is "2.0.0"
[doctest] run with "--help" for options
===============================================================================
[doctest] test cases:      1 |      1 passed |      0 failed |      8 skipped
[doctest] assertions: 2097232 | 2097232 passed |      0 failed |
[doctest] Status: SUCCESS!
<end of output>
Test time =   1.27 sec
----------------------------------------------------------
Test Passed.
"WorkStealingQueue.4Thieves" end time: Dec 06 17:06 CST
"WorkStealingQueue.4Thieves" time elapsed: 00:00:01
----------------------------------------------------------

15/20 Testing: simple_threadpool
15/20 Test: simple_threadpool
Command: "/Users/clin99/cpp-taskflow/unittest/threadpool" "-tc=SimpleThreadpool"
Directory: /Users/clin99/cpp-taskflow/build
"simple_threadpool" start time: Dec 06 17:06 CST
Output:
----------------------------------------------------------
[doctest] doctest version is "2.0.0"
[doctest] run with "--help" for options
===============================================================================
[doctest] test cases:      1 |      1 passed |      0 failed |      8 skipped
[doctest] assertions:     75 |     75 passed |      0 failed |
[doctest] Status: SUCCESS!
<end of output>
Test time =  28.56 sec
----------------------------------------------------------
Test Passed.
"simple_threadpool" end time: Dec 06 17:06 CST
"simple_threadpool" time elapsed: 00:00:28
----------------------------------------------------------

16/20 Testing: proactive_threadpool
16/20 Test: proactive_threadpool
Command: "/Users/clin99/cpp-taskflow/unittest/threadpool" "-tc=ProactiveThreadpool"
Directory: /Users/clin99/cpp-taskflow/build
"proactive_threadpool" start time: Dec 06 17:06 CST
Output:
----------------------------------------------------------
[doctest] doctest version is "2.0.0"
[doctest] run with "--help" for options
===============================================================================
[doctest] test cases:      1 |      1 passed |      0 failed |      8 skipped
[doctest] assertions:     75 |     75 passed |      0 failed |
[doctest] Status: SUCCESS!
<end of output>
Test time =  30.90 sec
----------------------------------------------------------
Test Passed.
"proactive_threadpool" end time: Dec 06 17:07 CST
"proactive_threadpool" time elapsed: 00:00:30
----------------------------------------------------------

17/20 Testing: speculative_threadpool
17/20 Test: speculative_threadpool
Command: "/Users/clin99/cpp-taskflow/unittest/threadpool" "-tc=SpeculativeThreadpool"
Directory: /Users/clin99/cpp-taskflow/build
"speculative_threadpool" start time: Dec 06 17:07 CST
Output:
----------------------------------------------------------
[doctest] doctest version is "2.0.0"
[doctest] run with "--help" for options
===============================================================================
[doctest] test cases:      1 |      1 passed |      0 failed |      8 skipped
[doctest] assertions:     75 |     75 passed |      0 failed |
[doctest] Status: SUCCESS!
<end of output>
Test time =  28.81 sec
----------------------------------------------------------
Test Passed.
"speculative_threadpool" end time: Dec 06 17:07 CST
"speculative_threadpool" time elapsed: 00:00:28
----------------------------------------------------------

18/20 Testing: work_stealing_threadpool
18/20 Test: work_stealing_threadpool
Command: "/Users/clin99/cpp-taskflow/unittest/threadpool" "-tc=WorkStealingThreadpool"
Directory: /Users/clin99/cpp-taskflow/build
"work_stealing_threadpool" start time: Dec 06 17:07 CST
Output:
----------------------------------------------------------
[doctest] doctest version is "2.0.0"
[doctest] run with "--help" for options
===============================================================================
[doctest] test cases:      1 |      1 passed |      0 failed |      8 skipped
[doctest] assertions:     75 |     75 passed |      0 failed |
[doctest] Status: SUCCESS!
<end of output>
Test time =  12.04 sec
----------------------------------------------------------
Test Passed.
"work_stealing_threadpool" end time: Dec 06 17:07 CST
"work_stealing_threadpool" time elapsed: 00:00:12
----------------------------------------------------------

19/20 Testing: threadpool_cxx14_basic
19/20 Test: threadpool_cxx14_basic
Command: "/Users/clin99/cpp-taskflow/unittest/threadpool_cxx14" "-tc=Threadpool.Basic"
Directory: /Users/clin99/cpp-taskflow/build
"threadpool_cxx14_basic" start time: Dec 06 17:07 CST
Output:
----------------------------------------------------------
[doctest] doctest version is "2.0.0"
[doctest] run with "--help" for options
===============================================================================
[doctest] test cases:      1 |      1 passed |      0 failed |      1 skipped
[doctest] assertions:   1009 |   1009 passed |      0 failed |
[doctest] Status: SUCCESS!
<end of output>
Test time =   0.02 sec
----------------------------------------------------------
Test Passed.
"threadpool_cxx14_basic" end time: Dec 06 17:07 CST
"threadpool_cxx14_basic" time elapsed: 00:00:00
----------------------------------------------------------

20/20 Testing: threadpool_cxx14_wait_for_all
20/20 Test: threadpool_cxx14_wait_for_all
Command: "/Users/clin99/cpp-taskflow/unittest/threadpool_cxx14" "-tc=Threadpool.WaitForAll"
Directory: /Users/clin99/cpp-taskflow/build
"threadpool_cxx14_wait_for_all" start time: Dec 06 17:07 CST
Output:
----------------------------------------------------------
[doctest] doctest version is "2.0.0"
[doctest] run with "--help" for options
===============================================================================
[doctest] test cases:      1 |      1 passed |      0 failed |      1 skipped
[doctest] assertions:    105 |    105 passed |      0 failed |
[doctest] Status: SUCCESS!
<end of output>
Test time =   1.33 sec
----------------------------------------------------------
Test Passed.
"threadpool_cxx14_wait_for_all" end time: Dec 06 17:07 CST
"threadpool_cxx14_wait_for_all" time elapsed: 00:00:01
----------------------------------------------------------

End testing: Dec 06 17:07 CST
